
=== Tue May 20 11:47:15 2025

Packages were changed.
Update Mode: updateDependencies

The following packages were added:
  com.unity.2d.sprite@1.0.0
  com.unity.2d.tilemap@1.0.0
  com.unity.collab-proxy@2.8.1
  com.unity.ide.rider@3.0.36
  com.unity.ide.visualstudio@2.0.23
  com.unity.modules.androidjni@1.0.0
  com.unity.test-framework@1.5.1
  com.unity.timeline@1.8.7
  com.unity.ugui@2.0.0
  com.unity.xr.legacyinputhelpers@2.1.12
  com.unity.ai.navigation@2.0.7
  com.unity.modules.accessibility@1.0.0
  com.unity.multiplayer.center@1.0.0
The following packages were removed:
  com.unity.package-manager-ui@1.9.11

=== Tue May 20 11:55:09 2025

Packages were changed.
Update Mode: updateDependencies

The following packages were added:
  com.unity.2d.sprite@1.0.0
  com.unity.2d.tilemap@1.0.0
  com.unity.collab-proxy@2.8.1
  com.unity.ide.rider@3.0.36
  com.unity.ide.visualstudio@2.0.23
  com.unity.modules.androidjni@1.0.0
  com.unity.test-framework@1.5.1
  com.unity.timeline@1.8.7
  com.unity.ugui@2.0.0
  com.unity.xr.legacyinputhelpers@2.1.12
  com.unity.ai.navigation@2.0.7
  com.unity.modules.accessibility@1.0.0
  com.unity.multiplayer.center@1.0.0
The following packages were removed:
  com.unity.package-manager-ui@1.9.11
